<?xml version="1.0" encoding="UTF-8"?>
<!-- Generated by org.testng.reporters.JUnitXMLReporter -->
<testsuite ignored="0" hostname="PP-PC" failures="0" tests="4" name="Test" time="20.352" errors="0" timestamp="12 May 2020 09:33:18 GMT">
  <testcase classname="API_PROJECT.com.org.api.weatherget" name="Test001" time="9.882"/>
  <testcase classname="API_PROJECT.com.org.api.weatherget" name="Test002" time="4.983"/>
  <testcase classname="API_PROJECT.com.org.api.ApiParameter" name="Test003" time="1.567"/>
  <testcase classname="API_PROJECT.com.org.api.ApiParameter" name="Test004" time="2.02"/>
</testsuite> <!-- Test -->
