<?xml version="1.0" encoding="UTF-8"?>
<!-- Generated by org.testng.reporters.JUnitXMLReporter -->
<testsuite hostname="PP-PC" ignored="0" name="Test" tests="4" failures="0" timestamp="10 May 2020 19:09:41 GMT" time="18.853" errors="0">
  <testcase name="Test001" time="10.985" classname="API_PROJECT.com.org.api.weatherget"/>
  <testcase name="Test002" time="4.591" classname="API_PROJECT.com.org.api.weatherget"/>
  <testcase name="Test003" time="1.516" classname="API_PROJECT.com.org.api.ApiParameter"/>
  <testcase name="Test004" time="1.619" classname="API_PROJECT.com.org.api.ApiParameter"/>
</testsuite> <!-- Test -->
