<?xml version="1.0" encoding="UTF-8"?>
<!-- Generated by org.testng.reporters.JUnitXMLReporter -->
<testsuite ignored="0" hostname="PP-PC" failures="0" tests="4" name="Test" time="31.917" errors="0" timestamp="11 May 2020 23:27:37 GMT">
  <testcase classname="API_PROJECT.com.org.api.weatherget" name="Test001" time="22.55"/>
  <testcase classname="API_PROJECT.com.org.api.weatherget" name="Test002" time="5.067"/>
  <testcase classname="API_PROJECT.com.org.api.ApiParameter" name="Test003" time="1.55"/>
  <testcase classname="API_PROJECT.com.org.api.ApiParameter" name="Test004" time="2.083"/>
</testsuite> <!-- Test -->
