<?xml version="1.0" encoding="UTF-8"?>
<testng-results ignored="0" total="4" passed="4" failed="0" skipped="0">
  <reporter-output>
  </reporter-output>
  <suite started-at="2020-05-11T23:27:05Z" name="Suite" finished-at="2020-05-11T23:27:37Z" duration-ms="31917">
    <groups>
    </groups>
    <test started-at="2020-05-11T23:27:05Z" name="Test" finished-at="2020-05-11T23:27:37Z" duration-ms="31917">
      <class name="API_PROJECT.com.org.api.ApiParameter">
        <test-method signature="Test003()[pri:0, instance:API_PROJECT.com.org.api.ApiParameter@515f4131]" started-at="2020-05-11T23:27:33Z" name="Test003" finished-at="2020-05-11T23:27:35Z" duration-ms="1550" status="PASS">
          <reporter-output>
          </reporter-output>
        </test-method> <!-- Test003 -->
        <test-method signature="Test004()[pri:0, instance:API_PROJECT.com.org.api.ApiParameter@515f4131]" started-at="2020-05-11T23:27:35Z" name="Test004" finished-at="2020-05-11T23:27:37Z" duration-ms="2083" status="PASS">
          <reporter-output>
          </reporter-output>
        </test-method> <!-- Test004 -->
      </class> <!-- API_PROJECT.com.org.api.ApiParameter -->
      <class name="API_PROJECT.com.org.api.weatherget">
        <test-method signature="Test001()[pri:0, instance:API_PROJECT.com.org.api.weatherget@b09fac1]" started-at="2020-05-11T23:27:05Z" name="Test001" finished-at="2020-05-11T23:27:28Z" duration-ms="22550" status="PASS">
          <reporter-output>
          </reporter-output>
        </test-method> <!-- Test001 -->
        <test-method signature="Test002()[pri:0, instance:API_PROJECT.com.org.api.weatherget@b09fac1]" started-at="2020-05-11T23:27:28Z" name="Test002" finished-at="2020-05-11T23:27:33Z" duration-ms="5067" status="PASS">
          <reporter-output>
          </reporter-output>
        </test-method> <!-- Test002 -->
      </class> <!-- API_PROJECT.com.org.api.weatherget -->
    </test> <!-- Test -->
  </suite> <!-- Suite -->
</testng-results>
