<?xml version="1.0" encoding="UTF-8"?>
<testsuite xmlns:xsi="http://www.w3.org/2001/XMLSchema-instance" xsi:noNamespaceSchemaLocation="https://maven.apache.org/surefire/maven-surefire-plugin/xsd/surefire-test-report.xsd" name="TestSuite" time="26.949" tests="4" errors="0" skipped="0" failures="0">
  <properties>
[...]
</properties>
  <testcase name="Test001" classname="API_PROJECT.com.org.api.weatherget" time="11.309"/>
  <testcase name="Test002" classname="API_PROJECT.com.org.api.weatherget" time="5.013"/>
  <testcase name="Test003" classname="API_PROJECT.com.org.api.ApiParameter" time="1.624"/>
  <testcase name="Test004" classname="API_PROJECT.com.org.api.ApiParameter" time="2.062"/>
</testsuite>