<?xml version="1.0" encoding="UTF-8"?>
<testsuite xmlns:xsi="http://www.w3.org/2001/XMLSchema-instance" xsi:noNamespaceSchemaLocation="https://maven.apache.org/surefire/maven-surefire-plugin/xsd/surefire-test-report.xsd" name="TestSuite" time="37.298" tests="4" errors="0" skipped="0" failures="0">
  <properties>
[...]
</properties>
  <testcase name="Test001" classname="API_PROJECT.com.org.api.weatherget" time="22.547"/>
  <testcase name="Test002" classname="API_PROJECT.com.org.api.weatherget" time="5.095"/>
  <testcase name="Test003" classname="API_PROJECT.com.org.api.ApiParameter" time="1.544"/>
  <testcase name="Test004" classname="API_PROJECT.com.org.api.ApiParameter" time="2.083"/>
</testsuite>